<?xml version="1.0" encoding="UTF-8"?>
<!-- Generated by org.testng.reporters.JUnitXMLReporter -->
<testsuite ignored="0" hostname="LAPTOP-HBI9A617" failures="0" tests="8" name="Surefire test" time="20.308" errors="0" timestamp="2025-04-21T10:47:44 MSK">
  <testcase classname="UI.CheckBoxTest" name="step_01" time="1.307"/>
  <testcase classname="UI.CheckBoxTest" name="step_02" time="0.287"/>
  <testcase classname="UI.DatePickerTest" name="step_01" time="2.027"/>
  <testcase classname="UI.DatePickerTest" name="step_02" time="0.648"/>
  <testcase classname="UI.RadioButtonTest" name="step_01" time="5.314"/>
  <testcase classname="UI.RadioButtonTest" name="step_02" time="0.164"/>
  <testcase classname="UI.TextBoxTest" name="checkTextBox" time="5.715"/>
  <testcase classname="UI.TextBoxTest" name="checkTitleTextBox" time="0.007"/>
</testsuite> <!-- Surefire test -->
