<?xml version="1.0" encoding="UTF-8"?>
<testng-results ignored="0" total="8" passed="8" failed="0" skipped="0">
  <reporter-output>
  </reporter-output>
  <suite started-at="2025-04-21T10:47:24 MSK" name="Surefire suite" finished-at="2025-04-21T10:47:44 MSK" duration-ms="20308">
    <groups>
    </groups>
    <test started-at="2025-04-21T10:47:24 MSK" name="Surefire test" finished-at="2025-04-21T10:47:44 MSK" duration-ms="20308">
      <class name="UI.TextBoxTest">
        <test-method is-config="true" signature="setup()[pri:0, instance:UI.TextBoxTest@7692d9cc]" started-at="2025-04-21T10:47:37 MSK" name="setup" finished-at="2025-04-21T10:47:38 MSK" duration-ms="789" status="PASS">
          <reporter-output>
          </reporter-output>
        </test-method> <!-- setup -->
        <test-method signature="checkTextBox()[pri:0, instance:UI.TextBoxTest@7692d9cc]" started-at="2025-04-21T10:47:38 MSK" name="checkTextBox" finished-at="2025-04-21T10:47:44 MSK" duration-ms="5715" status="PASS">
          <reporter-output>
          </reporter-output>
        </test-method> <!-- checkTextBox -->
        <test-method signature="checkTitleTextBox()[pri:0, instance:UI.TextBoxTest@7692d9cc]" started-at="2025-04-21T10:47:44 MSK" name="checkTitleTextBox" finished-at="2025-04-21T10:47:44 MSK" duration-ms="7" status="PASS">
          <reporter-output>
          </reporter-output>
        </test-method> <!-- checkTitleTextBox -->
        <test-method is-config="true" signature="tearDown()[pri:0, instance:UI.TextBoxTest@7692d9cc]" started-at="2025-04-21T10:47:44 MSK" name="tearDown" finished-at="2025-04-21T10:47:44 MSK" duration-ms="125" status="PASS">
          <reporter-output>
          </reporter-output>
        </test-method> <!-- tearDown -->
      </class> <!-- UI.TextBoxTest -->
      <class name="UI.RadioButtonTest">
        <test-method is-config="true" signature="setup()[pri:0, instance:UI.RadioButtonTest@2a32de6c]" started-at="2025-04-21T10:47:31 MSK" name="setup" finished-at="2025-04-21T10:47:32 MSK" duration-ms="834" status="PASS">
          <reporter-output>
          </reporter-output>
        </test-method> <!-- setup -->
        <test-method signature="step_01()[pri:0, instance:UI.RadioButtonTest@2a32de6c]" started-at="2025-04-21T10:47:32 MSK" name="step_01" description="перейти на страницу с РадиоБаттон и отметить радиобаттон &#039;Yes&#039;" finished-at="2025-04-21T10:47:37 MSK" duration-ms="5314" status="PASS">
          <reporter-output>
          </reporter-output>
        </test-method> <!-- step_01 -->
        <test-method signature="step_02()[pri:0, instance:UI.RadioButtonTest@2a32de6c]" started-at="2025-04-21T10:47:37 MSK" name="step_02" description="Отметить радиобаттон&#039;Impressive&#039;" finished-at="2025-04-21T10:47:37 MSK" duration-ms="164" status="PASS">
          <reporter-output>
          </reporter-output>
        </test-method> <!-- step_02 -->
        <test-method is-config="true" signature="tearDown()[pri:0, instance:UI.RadioButtonTest@2a32de6c]" started-at="2025-04-21T10:47:37 MSK" name="tearDown" finished-at="2025-04-21T10:47:37 MSK" duration-ms="146" status="PASS">
          <reporter-output>
          </reporter-output>
        </test-method> <!-- tearDown -->
      </class> <!-- UI.RadioButtonTest -->
      <class name="UI.DatePickerTest">
        <test-method is-config="true" signature="setupClass()[pri:0, instance:UI.DatePickerTest@6b19b79]" started-at="2025-04-21T10:47:27 MSK" name="setupClass" finished-at="2025-04-21T10:47:28 MSK" duration-ms="747" status="PASS">
          <reporter-output>
          </reporter-output>
        </test-method> <!-- setupClass -->
        <test-method is-config="true" signature="beforeClass()[pri:0, instance:UI.DatePickerTest@6b19b79]" started-at="2025-04-21T10:47:28 MSK" name="beforeClass" finished-at="2025-04-21T10:47:28 MSK" duration-ms="3" status="PASS">
          <reporter-output>
          </reporter-output>
        </test-method> <!-- beforeClass -->
        <test-method signature="step_01()[pri:0, instance:UI.DatePickerTest@6b19b79]" started-at="2025-04-21T10:47:28 MSK" name="step_01" finished-at="2025-04-21T10:47:30 MSK" duration-ms="2027" status="PASS">
          <reporter-output>
          </reporter-output>
        </test-method> <!-- step_01 -->
        <test-method signature="step_02()[pri:0, instance:UI.DatePickerTest@6b19b79]" started-at="2025-04-21T10:47:30 MSK" name="step_02" finished-at="2025-04-21T10:47:31 MSK" duration-ms="648" status="PASS">
          <reporter-output>
          </reporter-output>
        </test-method> <!-- step_02 -->
        <test-method is-config="true" signature="tearDownClass()[pri:0, instance:UI.DatePickerTest@6b19b79]" started-at="2025-04-21T10:47:31 MSK" name="tearDownClass" finished-at="2025-04-21T10:47:31 MSK" duration-ms="161" status="PASS">
          <reporter-output>
          </reporter-output>
        </test-method> <!-- tearDownClass -->
      </class> <!-- UI.DatePickerTest -->
      <class name="UI.CheckBoxTest">
        <test-method is-config="true" signature="setupClass()[pri:0, instance:UI.CheckBoxTest@60704c]" started-at="2025-04-21T10:47:24 MSK" name="setupClass" finished-at="2025-04-21T10:47:26 MSK" duration-ms="1858" status="PASS">
          <reporter-output>
          </reporter-output>
        </test-method> <!-- setupClass -->
        <test-method is-config="true" signature="setup()[pri:0, instance:UI.CheckBoxTest@60704c]" started-at="2025-04-21T10:47:26 MSK" name="setup" finished-at="2025-04-21T10:47:26 MSK" duration-ms="3" status="PASS">
          <reporter-output>
          </reporter-output>
        </test-method> <!-- setup -->
        <test-method signature="step_01()[pri:0, instance:UI.CheckBoxTest@60704c]" started-at="2025-04-21T10:47:26 MSK" name="step_01" finished-at="2025-04-21T10:47:27 MSK" duration-ms="1307" status="PASS">
          <reporter-output>
          </reporter-output>
        </test-method> <!-- step_01 -->
        <test-method signature="step_02()[pri:0, instance:UI.CheckBoxTest@60704c]" started-at="2025-04-21T10:47:27 MSK" name="step_02" finished-at="2025-04-21T10:47:27 MSK" duration-ms="287" status="PASS">
          <reporter-output>
          </reporter-output>
        </test-method> <!-- step_02 -->
        <test-method is-config="true" signature="tearDownClass()[pri:0, instance:UI.CheckBoxTest@60704c]" started-at="2025-04-21T10:47:27 MSK" name="tearDownClass" finished-at="2025-04-21T10:47:27 MSK" duration-ms="115" status="PASS">
          <reporter-output>
          </reporter-output>
        </test-method> <!-- tearDownClass -->
      </class> <!-- UI.CheckBoxTest -->
    </test> <!-- Surefire test -->
  </suite> <!-- Surefire suite -->
</testng-results>
